2023-06-25 18:56:10.4366|0|INFO|Microsoft.Hosting.Lifetime|Application started. Press Ctrl+C to shut down. |url: |action: 
2023-06-25 18:56:10.4689|0|INFO|Microsoft.Hosting.Lifetime|Hosting environment: Development |url: |action: 
2023-06-25 18:56:10.4689|0|INFO|Microsoft.Hosting.Lifetime|Content root path: C:\Users\ysnbj\Desktop\UseCoreLibaries\NLog.UI |url: |action: 
2023-06-25 18:56:10.6247|0|INFO|NLog.UI.Controllers.HomeController|Nlog ile loglandı |url: https://localhost/|action: Index
2023-06-25 19:03:05.9680|0|DEBUG|Program|init main |url: |action: 
2023-06-25 19:03:07.1087|0|INFO|Microsoft.Hosting.Lifetime|Application started. Press Ctrl+C to shut down. |url: |action: 
2023-06-25 19:03:07.1336|0|INFO|Microsoft.Hosting.Lifetime|Hosting environment: Development |url: |action: 
2023-06-25 19:03:07.1336|0|INFO|Microsoft.Hosting.Lifetime|Content root path: C:\Users\ysnbj\Desktop\UseCoreLibaries\NLog.UI |url: |action: 
2023-06-25 19:03:07.3117|0|INFO|NLog.UI.Controllers.HomeController|Nlog ile loglandı |url: https://localhost/|action: Index
2023-06-25 19:12:58.3788|0|DEBUG|Program|init main |url: |action: 
2023-06-25 19:12:59.6561|0|INFO|Microsoft.Hosting.Lifetime|Application started. Press Ctrl+C to shut down. |url: |action: 
2023-06-25 19:12:59.6762|0|INFO|Microsoft.Hosting.Lifetime|Hosting environment: Development |url: |action: 
2023-06-25 19:12:59.6762|0|INFO|Microsoft.Hosting.Lifetime|Content root path: C:\Users\ysnbj\Desktop\UseCoreLibaries\NLog.UI |url: |action: 
2023-06-25 19:12:59.7651|0|INFO|NLog.UI.Controllers.HomeController|Nlog ile loglandı |url: https://localhost/|action: Index
2023-06-25 19:14:25.7865|0|DEBUG|Program|init main |url: |action: 
2023-06-25 19:14:27.0439|0|INFO|Microsoft.Hosting.Lifetime|Application started. Press Ctrl+C to shut down. |url: |action: 
2023-06-25 19:14:27.0694|0|INFO|Microsoft.Hosting.Lifetime|Hosting environment: Development |url: |action: 
2023-06-25 19:14:27.0694|0|INFO|Microsoft.Hosting.Lifetime|Content root path: C:\Users\ysnbj\Desktop\UseCoreLibaries\NLog.UI |url: |action: 
2023-06-25 19:14:27.2174|0|INFO|NLog.UI.Controllers.HomeController|Nlog ile loglandı |url: https://localhost/|action: Index
2023-06-25 19:15:22.3200|0|DEBUG|Program|init main |url: |action: 
2023-06-25 19:15:24.1414|0|INFO|Microsoft.Hosting.Lifetime|Application started. Press Ctrl+C to shut down. |url: |action: 
2023-06-25 19:15:24.1414|0|INFO|Microsoft.Hosting.Lifetime|Hosting environment: Development |url: |action: 
2023-06-25 19:15:24.1414|0|INFO|Microsoft.Hosting.Lifetime|Content root path: C:\Users\ysnbj\Desktop\UseCoreLibaries\NLog.UI |url: |action: 
2023-06-25 19:15:24.2821|0|INFO|NLog.UI.Controllers.HomeController|Nlog ile loglandı |url: https://localhost/|action: Index
2023-06-25 19:16:24.9938|0|DEBUG|Program|init main |url: |action: 
2023-06-25 19:16:26.4162|0|INFO|Microsoft.Hosting.Lifetime|Application started. Press Ctrl+C to shut down. |url: |action: 
2023-06-25 19:16:26.4346|0|INFO|Microsoft.Hosting.Lifetime|Hosting environment: Development |url: |action: 
2023-06-25 19:16:26.4346|0|INFO|Microsoft.Hosting.Lifetime|Content root path: C:\Users\ysnbj\Desktop\UseCoreLibaries\NLog.UI |url: |action: 
2023-06-25 19:16:26.5932|0|INFO|NLog.UI.Controllers.HomeController|Nlog ile loglandı |url: https://localhost/|action: Index
2023-06-25 19:16:28.0928|1|ERROR|Microsoft.AspNetCore.Diagnostics.DeveloperExceptionPageMiddleware|An unhandled exception has occurred while executing the request. System.Exception: Exception of type 'System.Exception' was thrown.
   at NLog.UI.Controllers.HomeController.Index() in C:\Users\ysnbj\Desktop\UseCoreLibaries\NLog.UI\Controllers\HomeController.cs:line 21
   at lambda_method2(Closure, Object, Object[])
   at Microsoft.AspNetCore.Mvc.Infrastructure.ActionMethodExecutor.SyncActionResultExecutor.Execute(ActionContext actionContext, IActionResultTypeMapper mapper, ObjectMethodExecutor executor, Object controller, Object[] arguments)
   at Microsoft.AspNetCore.Mvc.Infrastructure.ControllerActionInvoker.<InvokeActionMethodAsync>g__Logged|12_1(ControllerActionInvoker invoker)
   at Microsoft.AspNetCore.Mvc.Infrastructure.ControllerActionInvoker.<InvokeNextActionFilterAsync>g__Awaited|10_0(ControllerActionInvoker invoker, Task lastTask, State next, Scope scope, Object state, Boolean isCompleted)
   at Microsoft.AspNetCore.Mvc.Infrastructure.ControllerActionInvoker.Rethrow(ActionExecutedContextSealed context)
   at Microsoft.AspNetCore.Mvc.Infrastructure.ControllerActionInvoker.Next(State& next, Scope& scope, Object& state, Boolean& isCompleted)
   at Microsoft.AspNetCore.Mvc.Infrastructure.ControllerActionInvoker.InvokeInnerFilterAsync()
--- End of stack trace from previous location ---
   at Microsoft.AspNetCore.Mvc.Infrastructure.ResourceInvoker.<InvokeNextResourceFilter>g__Awaited|25_0(ResourceInvoker invoker, Task lastTask, State next, Scope scope, Object state, Boolean isCompleted)
   at Microsoft.AspNetCore.Mvc.Infrastructure.ResourceInvoker.Rethrow(ResourceExecutedContextSealed context)
   at Microsoft.AspNetCore.Mvc.Infrastructure.ResourceInvoker.Next(State& next, Scope& scope, Object& state, Boolean& isCompleted)
   at Microsoft.AspNetCore.Mvc.Infrastructure.ResourceInvoker.InvokeFilterPipelineAsync()
--- End of stack trace from previous location ---
   at Microsoft.AspNetCore.Mvc.Infrastructure.ResourceInvoker.<InvokeAsync>g__Logged|17_1(ResourceInvoker invoker)
   at Microsoft.AspNetCore.Mvc.Infrastructure.ResourceInvoker.<InvokeAsync>g__Logged|17_1(ResourceInvoker invoker)
   at Microsoft.AspNetCore.Routing.EndpointMiddleware.<Invoke>g__AwaitRequestTask|6_0(Endpoint endpoint, Task requestTask, ILogger logger)
   at Microsoft.AspNetCore.Authorization.AuthorizationMiddleware.Invoke(HttpContext context)
   at Microsoft.AspNetCore.Authentication.AuthenticationMiddleware.Invoke(HttpContext context)
   at Microsoft.AspNetCore.Diagnostics.DeveloperExceptionPageMiddlewareImpl.Invoke(HttpContext context)|url: https://localhost/|action: Index
